This is ApacheBench, Version 2.3 <$Revision: 1430300 $>
Copyright 1996 Adam Twiss, Zeus Technology Ltd, http://www.zeustech.net/
Licensed to The Apache Software Foundation, http://www.apache.org/

Benchmarking 10.10.129.230 (be patient).....done


Server Software:        nginx/1.15.2
Server Hostname:        10.10.129.230
Server Port:            8880

Document Path:          /test.php
Document Length:        84058 bytes

Concurrency Level:      100
Time taken for tests:   0.107 seconds
Complete requests:      100
Failed requests:        10
   (Connect: 0, Receive: 0, Length: 10, Exceptions: 0)
Write errors:           0
Total transferred:      8421978 bytes
HTML transferred:       8405778 bytes
Requests per second:    932.69 [#/sec] (mean)
Time per request:       107.217 [ms] (mean)
Time per request:       1.072 [ms] (mean, across all concurrent requests)
Transfer rate:          76709.74 [Kbytes/sec] received

Connection Times (ms)
              min  mean[+/-sd] median   max
Connect:        0    5   1.5      4       8
Processing:     6   51  25.0     53      93
Waiting:        4   51  25.1     52      93
Total:         14   56  23.6     57      96

Percentage of the requests served within a certain time (ms)
  50%     57
  66%     69
  75%     77
  80%     80
  90%     88
  95%     93
  98%     95
  99%     96
 100%     96 (longest request)
