This is ApacheBench, Version 2.3 <$Revision: 1430300 $>
Copyright 1996 Adam Twiss, Zeus Technology Ltd, http://www.zeustech.net/
Licensed to The Apache Software Foundation, http://www.apache.org/

Benchmarking 10.10.129.230 (be patient).....done


Server Software:        nginx/1.15.2
Server Hostname:        10.10.129.230
Server Port:            8880

Document Path:          /test.php
Document Length:        84058 bytes

Concurrency Level:      100
Time taken for tests:   0.122 seconds
Complete requests:      100
Failed requests:        14
   (Connect: 0, Receive: 0, Length: 14, Exceptions: 0)
Write errors:           0
Total transferred:      8421970 bytes
HTML transferred:       8405770 bytes
Requests per second:    819.33 [#/sec] (mean)
Time per request:       122.051 [ms] (mean)
Time per request:       1.221 [ms] (mean, across all concurrent requests)
Transfer rate:          67386.42 [Kbytes/sec] received

Connection Times (ms)
              min  mean[+/-sd] median   max
Connect:        0    5   1.7      4       7
Processing:    11   65  30.4     65     111
Waiting:        2   65  30.6     65     110
Total:         12   70  28.9     70     113

Percentage of the requests served within a certain time (ms)
  50%     70
  66%     90
  75%     97
  80%    100
  90%    107
  95%    111
  98%    112
  99%    113
 100%    113 (longest request)
